GROUP,PACKAGE,CLASS,INSTRUCTION_MISSED,INSTRUCTION_COVERED,BRANCH_MISSED,BRANCH_COVERED,LINE_MISSED,LINE_COVERED,COMPLEXITY_MISSED,COMPLEXITY_COVERED,METHOD_MISSED,METHOD_COVERED
junit-quickcheck-examples/junit-quickcheck-generators,com.pholser.junit.quickcheck.generator.java.lang.strings,CodePoints.CodePointRange,0,53,0,6,0,10,0,6,0,3
junit-quickcheck-examples/junit-quickcheck-generators,com.pholser.junit.quickcheck.generator.java.lang.strings,CodePoints,0,251,0,26,0,57,0,23,0,10
junit-quickcheck-examples/junit-quickcheck-generators,com.pholser.junit.quickcheck.generator.java.util.concurrent,CallableGenerator,0,16,0,0,0,5,0,3,0,3
junit-quickcheck-examples/junit-quickcheck-generators,com.pholser.junit.quickcheck.generator.java.nio.charset,CharsetGenerator,0,11,0,0,0,4,0,2,0,2
junit-quickcheck-examples/junit-quickcheck-generators,com.pholser.junit.quickcheck.generator.java.util,VectorGenerator,0,4,0,0,0,2,0,1,0,1
junit-quickcheck-examples/junit-quickcheck-generators,com.pholser.junit.quickcheck.generator.java.util,SetGenerator,0,11,0,0,0,5,0,2,0,2
junit-quickcheck-examples/junit-quickcheck-generators,com.pholser.junit.quickcheck.generator.java.util,OptionalDoubleGenerator,0,81,0,6,0,22,0,8,0,5
junit-quickcheck-examples/junit-quickcheck-generators,com.pholser.junit.quickcheck.generator.java.util,OptionalLongGenerator,0,78,0,6,0,22,0,8,0,5
junit-quickcheck-examples/junit-quickcheck-generators,com.pholser.junit.quickcheck.generator.java.util,RFC4122.AbstractUUIDGenerator,0,49,0,0,0,10,0,4,0,4
junit-quickcheck-examples/junit-quickcheck-generators,com.pholser.junit.quickcheck.generator.java.util,OptionalIntGenerator,0,79,0,6,0,22,0,8,0,5
junit-quickcheck-examples/junit-quickcheck-generators,com.pholser.junit.quickcheck.generator.java.util,LinkedListGenerator,0,4,0,0,0,2,0,1,0,1
junit-quickcheck-examples/junit-quickcheck-generators,com.pholser.junit.quickcheck.generator.java.util,LinkedHashMapGenerator,0,4,0,0,0,2,0,1,0,1
junit-quickcheck-examples/junit-quickcheck-generators,com.pholser.junit.quickcheck.generator.java.util,ListGenerator,0,4,0,0,0,2,0,1,0,1
junit-quickcheck-examples/junit-quickcheck-generators,com.pholser.junit.quickcheck.generator.java.util,RFC4122.MessageDigests,0,15,0,0,0,5,0,2,0,2
junit-quickcheck-examples/junit-quickcheck-generators,com.pholser.junit.quickcheck.generator.java.util,RFC4122.NameBasedUUIDGenerator,0,63,0,2,0,18,0,4,0,3
junit-quickcheck-examples/junit-quickcheck-generators,com.pholser.junit.quickcheck.generator.java.util,HashMapGenerator,0,4,0,0,0,2,0,1,0,1
junit-quickcheck-examples/junit-quickcheck-generators,com.pholser.junit.quickcheck.generator.java.util,TimeZoneGenerator,0,13,0,0,0,4,0,3,0,3
junit-quickcheck-examples/junit-quickcheck-generators,com.pholser.junit.quickcheck.generator.java.util,PropertiesGenerator,51,80,2,4,14,17,4,6,3,4
junit-quickcheck-examples/junit-quickcheck-generators,com.pholser.junit.quickcheck.generator.java.util,HashSetGenerator,0,4,0,0,0,2,0,1,0,1
junit-quickcheck-examples/junit-quickcheck-generators,com.pholser.junit.quickcheck.generator.java.util,MapGenerator,1,387,2,16,0,91,2,32,0,25
junit-quickcheck-examples/junit-quickcheck-generators,com.pholser.junit.quickcheck.generator.java.util,RFC4122,0,6,0,0,0,2,0,1,0,1
junit-quickcheck-examples/junit-quickcheck-generators,com.pholser.junit.quickcheck.generator.java.util,LinkedHashSetGenerator,0,4,0,0,0,2,0,1,0,1
junit-quickcheck-examples/junit-quickcheck-generators,com.pholser.junit.quickcheck.generator.java.util,RFC4122.Namespaces,0,122,0,0,0,8,0,2,0,2
junit-quickcheck-examples/junit-quickcheck-generators,com.pholser.junit.quickcheck.generator.java.util,LocaleGenerator,0,12,0,0,0,4,0,3,0,3
junit-quickcheck-examples/junit-quickcheck-generators,com.pholser.junit.quickcheck.generator.java.util,StackGenerator,0,4,0,0,0,2,0,1,0,1
junit-quickcheck-examples/junit-quickcheck-generators,com.pholser.junit.quickcheck.generator.java.util,BitSetGenerator,0,81,0,4,0,23,0,8,0,6
junit-quickcheck-examples/junit-quickcheck-generators,com.pholser.junit.quickcheck.generator.java.util,RFC4122.Version4,0,18,0,0,0,5,0,2,0,2
junit-quickcheck-examples/junit-quickcheck-generators,com.pholser.junit.quickcheck.generator.java.util,RFC4122.Version3,0,9,0,0,0,4,0,2,0,2
junit-quickcheck-examples/junit-quickcheck-generators,com.pholser.junit.quickcheck.generator.java.util,RFC4122.Version5,0,9,0,0,0,4,0,2,0,2
junit-quickcheck-examples/junit-quickcheck-generators,com.pholser.junit.quickcheck.generator.java.util,OptionalGenerator,0,80,0,4,0,22,0,7,0,5
junit-quickcheck-examples/junit-quickcheck-generators,com.pholser.junit.quickcheck.generator.java.util,ArrayListGenerator,0,4,0,0,0,2,0,1,0,1
junit-quickcheck-examples/junit-quickcheck-generators,com.pholser.junit.quickcheck.generator.java.util,HashtableGenerator,0,12,0,4,0,3,0,4,0,2
junit-quickcheck-examples/junit-quickcheck-generators,com.pholser.junit.quickcheck.generator.java.util,CollectionGenerator,1,238,2,14,0,58,2,22,0,16
junit-quickcheck-examples/junit-quickcheck-generators,com.pholser.junit.quickcheck.generator.java.util,DateGenerator,0,97,0,6,0,18,0,6,0,3
junit-quickcheck-examples/junit-quickcheck-generators,com.pholser.junit.quickcheck.generator.java.time,PeriodGenerator,0,132,0,6,0,29,0,9,0,6
junit-quickcheck-examples/junit-quickcheck-generators,com.pholser.junit.quickcheck.generator.java.time,LocalDateTimeGenerator,0,84,0,6,0,19,0,7,0,4
junit-quickcheck-examples/junit-quickcheck-generators,com.pholser.junit.quickcheck.generator.java.time,InstantGenerator,18,48,1,5,2,11,1,5,0,3
junit-quickcheck-examples/junit-quickcheck-generators,com.pholser.junit.quickcheck.generator.java.time,ZonedDateTimeGenerator,0,100,0,6,0,23,0,7,0,4
junit-quickcheck-examples/junit-quickcheck-generators,com.pholser.junit.quickcheck.generator.java.time,LocalTimeGenerator,0,75,0,6,0,16,0,6,0,3
junit-quickcheck-examples/junit-quickcheck-generators,com.pholser.junit.quickcheck.generator.java.time,ZoneIdGenerator,0,10,0,0,0,3,0,2,0,2
junit-quickcheck-examples/junit-quickcheck-generators,com.pholser.junit.quickcheck.generator.java.time,DurationGenerator,0,70,0,6,0,13,0,6,0,3
junit-quickcheck-examples/junit-quickcheck-generators,com.pholser.junit.quickcheck.generator.java.time,MonthDayGenerator,0,93,0,6,0,19,0,6,0,3
junit-quickcheck-examples/junit-quickcheck-generators,com.pholser.junit.quickcheck.generator.java.time,OffsetTimeGenerator,0,85,0,6,0,24,0,6,0,3
junit-quickcheck-examples/junit-quickcheck-generators,com.pholser.junit.quickcheck.generator.java.time,YearGenerator,0,77,0,6,0,15,0,6,0,3
junit-quickcheck-examples/junit-quickcheck-generators,com.pholser.junit.quickcheck.generator.java.time,ClockGenerator,18,54,1,5,2,12,1,6,0,4
junit-quickcheck-examples/junit-quickcheck-generators,com.pholser.junit.quickcheck.generator.java.time,YearMonthGenerator,0,111,0,6,0,20,0,6,0,3
junit-quickcheck-examples/junit-quickcheck-generators,com.pholser.junit.quickcheck.generator.java.time,ZoneOffsetGenerator,5,76,1,7,0,17,1,6,0,3
junit-quickcheck-examples/junit-quickcheck-generators,com.pholser.junit.quickcheck.generator.java.time,LocalDateGenerator,0,75,0,6,0,16,0,6,0,3
junit-quickcheck-examples/junit-quickcheck-generators,com.pholser.junit.quickcheck.generator.java.time,OffsetDateTimeGenerator,0,80,0,6,0,17,0,7,0,4
junit-quickcheck-examples/junit-quickcheck-generators,com.pholser.junit.quickcheck.generator,VoidGenerator,0,24,0,2,0,4,0,4,0,3
junit-quickcheck-examples/junit-quickcheck-generators,com.pholser.junit.quickcheck.generator,IntegralGenerator,0,73,0,4,0,23,0,7,0,5
junit-quickcheck-examples/junit-quickcheck-generators,com.pholser.junit.quickcheck.generator,DecimalGenerator,0,100,0,4,0,30,0,8,0,6
junit-quickcheck-examples/junit-quickcheck-generators,com.pholser.junit.quickcheck.generator.java.lang,AbstractStringGenerator,0,133,0,6,0,28,0,12,0,9
junit-quickcheck-examples/junit-quickcheck-generators,com.pholser.junit.quickcheck.generator.java.lang,Encoded,0,34,0,0,0,9,0,5,0,5
junit-quickcheck-examples/junit-quickcheck-generators,com.pholser.junit.quickcheck.generator.java.lang,ByteGenerator,0,103,0,6,0,20,0,12,0,9
junit-quickcheck-examples/junit-quickcheck-generators,com.pholser.junit.quickcheck.generator.java.lang,LongGenerator,0,103,0,6,0,20,0,12,0,9
junit-quickcheck-examples/junit-quickcheck-generators,com.pholser.junit.quickcheck.generator.java.lang,ShortGenerator,0,103,0,6,0,20,0,12,0,9
junit-quickcheck-examples/junit-quickcheck-generators,com.pholser.junit.quickcheck.generator.java.lang,IntegerGenerator,0,102,0,6,0,20,0,12,0,9
junit-quickcheck-examples/junit-quickcheck-generators,com.pholser.junit.quickcheck.generator.java.lang,StringGenerator,0,17,1,3,0,3,1,4,0,3
junit-quickcheck-examples/junit-quickcheck-generators,com.pholser.junit.quickcheck.generator.java.lang,CharacterGenerator,0,120,1,7,0,16,1,11,0,8
junit-quickcheck-examples/junit-quickcheck-generators,com.pholser.junit.quickcheck.generator.java.lang,DoubleGenerator,0,105,0,6,0,21,0,13,0,10
junit-quickcheck-examples/junit-quickcheck-generators,com.pholser.junit.quickcheck.generator.java.lang,FloatGenerator,0,106,0,6,0,21,0,13,0,10
junit-quickcheck-examples/junit-quickcheck-generators,com.pholser.junit.quickcheck.generator.java.lang,CodePointShrink,0,133,0,4,0,24,0,6,0,4
junit-quickcheck-examples/junit-quickcheck-generators,com.pholser.junit.quickcheck.generator.java.lang,BooleanGenerator,0,37,0,4,0,5,0,6,0,4
junit-quickcheck-examples/junit-quickcheck-generators,com.pholser.junit.quickcheck.generator.java.math,BigDecimalGenerator,0,190,0,26,0,45,0,25,0,12
junit-quickcheck-examples/junit-quickcheck-generators,com.pholser.junit.quickcheck.generator.java.math,BigIntegerGenerator,0,123,0,18,0,25,0,18,0,9
junit-quickcheck-examples/junit-quickcheck-generators,com.pholser.junit.quickcheck.generator.java.util.function,UnaryOperatorGenerator,0,16,0,0,0,5,0,3,0,3
junit-quickcheck-examples/junit-quickcheck-generators,com.pholser.junit.quickcheck.generator.java.util.function,SupplierGenerator,0,16,0,0,0,5,0,3,0,3
junit-quickcheck-examples/junit-quickcheck-generators,com.pholser.junit.quickcheck.generator.java.util.function,BinaryOperatorGenerator,0,16,0,0,0,5,0,3,0,3
junit-quickcheck-examples/junit-quickcheck-generators,com.pholser.junit.quickcheck.generator.java.util.function,DoubleFunctionGenerator,0,16,0,0,0,5,0,3,0,3
junit-quickcheck-examples/junit-quickcheck-generators,com.pholser.junit.quickcheck.generator.java.util.function,PredicateGenerator,0,25,0,0,0,7,0,4,0,4
junit-quickcheck-examples/junit-quickcheck-generators,com.pholser.junit.quickcheck.generator.java.util.function,BiFunctionGenerator,0,16,0,0,0,5,0,3,0,3
junit-quickcheck-examples/junit-quickcheck-generators,com.pholser.junit.quickcheck.generator.java.util.function,ToDoubleBiFunctionGenerator,0,25,0,0,0,7,0,4,0,4
junit-quickcheck-examples/junit-quickcheck-generators,com.pholser.junit.quickcheck.generator.java.util.function,ToLongFunctionGenerator,0,25,0,0,0,7,0,4,0,4
junit-quickcheck-examples/junit-quickcheck-generators,com.pholser.junit.quickcheck.generator.java.util.function,ToIntFunctionGenerator,0,25,0,0,0,7,0,4,0,4
junit-quickcheck-examples/junit-quickcheck-generators,com.pholser.junit.quickcheck.generator.java.util.function,FunctionGenerator,0,16,0,0,0,5,0,3,0,3
junit-quickcheck-examples/junit-quickcheck-generators,com.pholser.junit.quickcheck.generator.java.util.function,ToIntBiFunctionGenerator,0,25,0,0,0,7,0,4,0,4
junit-quickcheck-examples/junit-quickcheck-generators,com.pholser.junit.quickcheck.generator.java.util.function,BiPredicateGenerator,0,25,0,0,0,7,0,4,0,4
junit-quickcheck-examples/junit-quickcheck-generators,com.pholser.junit.quickcheck.generator.java.util.function,ToLongBiFunctionGenerator,0,25,0,0,0,7,0,4,0,4
junit-quickcheck-examples/junit-quickcheck-generators,com.pholser.junit.quickcheck.generator.java.util.function,LongFunctionGenerator,0,16,0,0,0,5,0,3,0,3
junit-quickcheck-examples/junit-quickcheck-generators,com.pholser.junit.quickcheck.generator.java.util.function,ToDoubleFunctionGenerator,0,25,0,0,0,7,0,4,0,4
junit-quickcheck-examples/junit-quickcheck-generators,com.pholser.junit.quickcheck.generator.java.util.function,IntFunctionGenerator,0,16,0,0,0,5,0,3,0,3
